Unity Editor version:    2020.3.25f1 (9b9180224418)
Branch:                  2020.3/staging
Build type:              Release
Batch mode:              YES
macOS version:           Version 10.15.7 (Build 19H1615)
Darwin version:          19.6.0
Architecture:            x86_64
Running under Rosetta:   NO
Available memory:        16384 MB
Using pre-set license
Pro License: NO

COMMAND LINE ARGUMENTS:
/Applications/Unity/Hub/Editor/2020.3.25f1/Unity.app/Contents/MacOS/Unity
-adb2
-batchMode
-noUpm
-name
AssetImportWorker0
-projectPath
/Users/2495/Documents/GitHub/0x00-unity-vr_room/0x0B-unity-vr_room
-logFile
Logs/AssetImportWorker0.log
-srvPort
52077
Successfully changed project path to: /Users/2495/Documents/GitHub/0x00-unity-vr_room/0x0B-unity-vr_room
/Users/2495/Documents/GitHub/0x00-unity-vr_room/0x0B-unity-vr_room
Using Asset Import Pipeline V2.
Refreshing native plugins compatible for Editor in 72.62 ms, found 6 plugins.
Preloading 1 native plugins for Editor in 4.42 ms.
Initialize engine version: 2020.3.25f1 (9b9180224418)
[Subsystems] Discovering subsystems at path /Applications/Unity/Hub/Editor/2020.3.25f1/Unity.app/Contents/Resources/UnitySubsystems
[Subsystems] Discovering subsystems at path /Users/2495/Documents/GitHub/0x00-unity-vr_room/0x0B-unity-vr_room/Assets
GfxDevice: creating device client; threaded=0
2022-01-16 12:37:18.677 Unity[13936:4804582] iMac preferred device: AMD Radeon Pro 570X (high power)
2022-01-16 12:37:18.677 Unity[13936:4804582] Metal devices available: 1
2022-01-16 12:37:18.677 Unity[13936:4804582] 0: AMD Radeon Pro 570X (high power)
2022-01-16 12:37:18.677 Unity[13936:4804582] Using device AMD Radeon Pro 570X (high power)
Initializing Metal device caps: AMD Radeon Pro 570X
Shader 'Oculus/OVRMRCameraFrameLit': fallback shader 'Alpha-Diffuse' not found
Initialize mono
Mono path[0] = '/Applications/Unity/Hub/Editor/2020.3.25f1/Unity.app/Contents/Managed'
Mono path[1] = '/Applications/Unity/Hub/Editor/2020.3.25f1/Unity.app/Contents/MonoBleedingEdge/lib/mono/unityjit'
Mono config path = '/Applications/Unity/Hub/Editor/2020.3.25f1/Unity.app/Contents/MonoBleedingEdge/etc'
Using monoOptions --debugger-agent=transport=dt_socket,embedding=1,server=y,suspend=n,address=127.0.0.1:56936
Begin MonoManager ReloadAssembly
Registering precompiled unity dll's ...
Register platform support module: /Applications/Unity/Hub/Editor/2020.3.25f1/PlaybackEngines/WebGLSupport/UnityEditor.WebGL.Extensions.dll
Register platform support module: /Applications/Unity/Hub/Editor/2020.3.25f1/Unity.app/Contents/PlaybackEngines/MacStandaloneSupport/UnityEditor.OSXStandalone.Extensions.dll
Register platform support module: /Applications/Unity/Hub/Editor/2020.3.25f1/PlaybackEngines/WindowsStandaloneSupport/UnityEditor.WindowsStandalone.Extensions.dll
Register platform support module: /Applications/Unity/Hub/Editor/2020.3.25f1/PlaybackEngines/LinuxStandaloneSupport/UnityEditor.LinuxStandalone.Extensions.dll
Register platform support module: /Applications/Unity/Hub/Editor/2020.3.25f1/PlaybackEngines/LuminSupport/UnityEditor.Lumin.Extensions.dll
Registered in 0.001061 seconds.
Native extension for Lumin target not found
Native extension for LinuxStandalone target not found
Native extension for WindowsStandalone target not found
Native extension for OSXStandalone target not found
Native extension for WebGL target not found
Refreshing native plugins compatible for Editor in 66.95 ms, found 6 plugins.
Preloading 1 native plugins for Editor in 0.46 ms.
Mono: successfully reloaded assembly
- Completed reload, in  0.671 seconds
Domain Reload Profiling:
	ReloadAssembly (671ms)
		BeginReloadAssembly (52ms)
			ExecutionOrderSort (0ms)
			DisableScriptedObjects (0ms)
			BackupInstance (0ms)
			ReleaseScriptingObjects (0ms)
			CreateAndSetChildDomain (1ms)
		EndReloadAssembly (539ms)
			LoadAssemblies (51ms)
			RebuildTransferFunctionScriptingTraits (0ms)
			SetupTypeCache (190ms)
			ReleaseScriptCaches (0ms)
			RebuildScriptCaches (40ms)
			SetupLoadedEditorAssemblies (220ms)
				LogAssemblyErrors (0ms)
				InitializePlatformSupportModulesInManaged (7ms)
				SetLoadedEditorAssemblies (0ms)
				RefreshPlugins (67ms)
				BeforeProcessingInitializeOnLoad (8ms)
				ProcessInitializeOnLoadAttributes (108ms)
				ProcessInitializeOnLoadMethodAttributes (30ms)
				AfterProcessingInitializeOnLoad (0ms)
				EditorAssembliesLoaded (0ms)
			ExecutionOrderSort2 (0ms)
			AwakeInstancesAfterBackupRestoration (0ms)
Platform modules already initialized, skipping
Registering precompiled user dll's ...
Registered in 0.002782 seconds.
Begin MonoManager ReloadAssembly
Native extension for Lumin target not found
Native extension for LinuxStandalone target not found
Native extension for WindowsStandalone target not found
Native extension for OSXStandalone target not found
Native extension for WebGL target not found
Refreshing native plugins compatible for Editor in 68.55 ms, found 6 plugins.
Preloading 1 native plugins for Editor in 0.47 ms.
Mono: successfully reloaded assembly
- Completed reload, in  1.369 seconds
Domain Reload Profiling:
	ReloadAssembly (1370ms)
		BeginReloadAssembly (179ms)
			ExecutionOrderSort (0ms)
			DisableScriptedObjects (6ms)
			BackupInstance (0ms)
			ReleaseScriptingObjects (0ms)
			CreateAndSetChildDomain (33ms)
		EndReloadAssembly (1122ms)
			LoadAssemblies (87ms)
			RebuildTransferFunctionScriptingTraits (0ms)
			SetupTypeCache (402ms)
			ReleaseScriptCaches (0ms)
			RebuildScriptCaches (72ms)
			SetupLoadedEditorAssemblies (425ms)
				LogAssemblyErrors (0ms)
				InitializePlatformSupportModulesInManaged (6ms)
				SetLoadedEditorAssemblies (0ms)
				RefreshPlugins (69ms)
				BeforeProcessingInitializeOnLoad (68ms)
				ProcessInitializeOnLoadAttributes (272ms)
				ProcessInitializeOnLoadMethodAttributes (9ms)
				AfterProcessingInitializeOnLoad (1ms)
				EditorAssembliesLoaded (0ms)
			ExecutionOrderSort2 (0ms)
			AwakeInstancesAfterBackupRestoration (8ms)
Platform modules already initialized, skipping
Validating Project structure ... 0.039857 seconds.
Shader import version has changed; will reimport all shaders...
Upgrading shader files ...0.065334 seconds.
Application.AssetDatabase Initial Script Refresh Start
RefreshInfo: InitialScriptRefreshV2(NoUpdateAssetOptions) scanfilter:  ... 1 filters
RefreshProfiler: Total: 0.000ms
Application.AssetDatabase Initial Script Refresh End
Application.AssetDatabase.Refresh Start
Application.AssetDatabase.Refresh End
RefreshInfo: StopAssetImportingV2(ForceSynchronousImport) scanfilter: 
RefreshProfiler: Total: 0.000ms
Shader 'Oculus/OVRMRCameraFrameLit': fallback shader 'Alpha-Diffuse' not found
Launching external process: /Applications/Unity/Hub/Editor/2020.3.25f1/Unity.app/Contents/Tools/UnityShaderCompiler
Launched and connected shader compiler UnityShaderCompiler after 0.01 seconds
Initializing Unity extensions:
========================================================================
Worker process is ready to serve import requests
Shader 'Oculus/OVRMRCameraFrameLit': fallback shader 'Alpha-Diffuse' not found
Refreshing native plugins compatible for Editor in 0.79 ms, found 6 plugins.
Preloading 1 native plugins for Editor in 0.45 ms.
Unloading 2937 Unused Serialized files (Serialized files now loaded: 0)
System memory in use before: 238.3 MB.
System memory in use after: 237.3 MB.

Unloading 384 unused Assets to reduce memory usage. Loaded Objects now: 3392.
Total: 3.817104 ms (FindLiveObjects: 0.220636 ms CreateObjectMapping: 0.127474 ms MarkObjects: 2.668066 ms  DeleteObjects: 0.800187 ms)

AssetImportParameters requested are different than current active one (requested -> active):
  custom:video-decoder-ogg-theora: a1e56fd34408186e4bbccfd4996cb3dc -> 
  custom:container-muxer-webm: aa71ff27fc2769a1b78a27578f13a17b -> 
  custom:container-demuxer-webm: 4f35f7cbe854078d1ac9338744f61a02 -> 
  custom:container-demuxer-ogg: 62fdf1f143b41e24485cea50d1cbac27 -> 
  custom:video-encoder-webm-vp8: eb34c28f22e8b96e1ab97ce403110664 -> 
  custom:framework-osx-AVFoundation: b23960f63f64bdc6ff669e2cdcee2391 -> 
  custom:video-decoder-webm-vp8: 9c59270c3fd7afecdb556c50c9e8de78 -> 
  custom:audio-decoder-ogg-vorbis: bf7c407c2cedff20999df2af8eb42d56 -> 
  custom:audio-encoder-webm-vorbis: bf7c407c2cedff20999df2af8eb42d56 -> 
========================================================================
Received Import Request.
  path: Assets/XR/XRGeneralSettings.asset
  artifactKey: Guid(b6d74595971f542d4b414b8a2c491f7a) Importer(815301076,1909f56bfc062723c751e8b465ee728b)
Start importing Assets/XR/XRGeneralSettings.asset using Guid(b6d74595971f542d4b414b8a2c491f7a) Importer(815301076,1909f56bfc062723c751e8b465ee728b)  -> (artifact id: '419e5689545279cccfd6d2ec41303471') in 0.412681 seconds 
  Import took 0.420919 seconds .

========================================================================
Received Import Request.
  Time since last request: 9.829518 seconds.
  path: Assets/Oculus/OculusProjectConfig.asset
  artifactKey: Guid(99c0d806eb5cbe24da5e78ee5659c393) Importer(815301076,1909f56bfc062723c751e8b465ee728b)
Start importing Assets/Oculus/OculusProjectConfig.asset using Guid(99c0d806eb5cbe24da5e78ee5659c393) Importer(815301076,1909f56bfc062723c751e8b465ee728b)  -> (artifact id: '45b5dcb6cb11c44ee4f907cfe16d8297') in 0.006790 seconds 
  Import took 0.012107 seconds .

========================================================================
Received Import Request.
  Time since last request: 3.935628 seconds.
  path: Assets/Oculus/VR
  artifactKey: Guid(96361710624962448aa2c20c03ea80e3) Importer(815301076,1909f56bfc062723c751e8b465ee728b)
Start importing Assets/Oculus/VR using Guid(96361710624962448aa2c20c03ea80e3) Importer(815301076,1909f56bfc062723c751e8b465ee728b)  -> (artifact id: '0ec3313638193142e5d28278ea6edc30') in 0.004501 seconds 
  Import took 0.008527 seconds .

========================================================================
Received Import Request.
  Time since last request: 0.052302 seconds.
  path: Assets/Oculus/VR/Oculus.VR.asmdef
  artifactKey: Guid(f64c9ebcd7899c3448a08dc9f9ddbe30) Importer(815301076,1909f56bfc062723c751e8b465ee728b)
Start importing Assets/Oculus/VR/Oculus.VR.asmdef using Guid(f64c9ebcd7899c3448a08dc9f9ddbe30) Importer(815301076,1909f56bfc062723c751e8b465ee728b)  -> (artifact id: 'ec58c27960f27b1608995e5d8e32e06b') in 0.207819 seconds 
  Import took 0.215469 seconds .

========================================================================
Received Import Request.
  Time since last request: 1.215593 seconds.
  path: Assets/Oculus/VR/Plugins
  artifactKey: Guid(e1f06b56b3e7614419c5db24e2262938) Importer(815301076,1909f56bfc062723c751e8b465ee728b)
Start importing Assets/Oculus/VR/Plugins using Guid(e1f06b56b3e7614419c5db24e2262938) Importer(815301076,1909f56bfc062723c751e8b465ee728b)  -> (artifact id: 'cbfc841a4505ca5c4b01ee5a5cc1a1a3') in 0.004689 seconds 
  Import took 0.009623 seconds .

========================================================================
Received Import Request.
  Time since last request: 4.982738 seconds.
  path: Assets/Oculus/VR/Plugins/1.67.0
  artifactKey: Guid(7be69154ba675f54b84bb4c142831542) Importer(815301076,1909f56bfc062723c751e8b465ee728b)
Start importing Assets/Oculus/VR/Plugins/1.67.0 using Guid(7be69154ba675f54b84bb4c142831542) Importer(815301076,1909f56bfc062723c751e8b465ee728b)  -> (artifact id: 'd12add039307c0acee7ef12b2bc31c45') in 0.001572 seconds 
  Import took 0.005910 seconds .

========================================================================
Received Import Request.
  Time since last request: 4.549625 seconds.
  path: Assets/Oculus/VR/Plugins/1.67.0/AndroidUniversal
  artifactKey: Guid(2f26b4b2089151948bb6e733b8287b59) Importer(815301076,1909f56bfc062723c751e8b465ee728b)
Start importing Assets/Oculus/VR/Plugins/1.67.0/AndroidUniversal using Guid(2f26b4b2089151948bb6e733b8287b59) Importer(815301076,1909f56bfc062723c751e8b465ee728b)  -> (artifact id: '2fc19fc42fc3eed5e5cac7380f546f0a') in 0.004663 seconds 
  Import took 0.008960 seconds .

========================================================================
Received Import Request.
  Time since last request: 2.503793 seconds.
  path: Assets/Oculus/VR/Plugins/1.67.0/AndroidUniversal/OVRPlugin.aar
  artifactKey: Guid(e24aa06c41f1d144bbd26944a56c28be) Importer(815301076,1909f56bfc062723c751e8b465ee728b)
Start importing Assets/Oculus/VR/Plugins/1.67.0/AndroidUniversal/OVRPlugin.aar using Guid(e24aa06c41f1d144bbd26944a56c28be) Importer(815301076,1909f56bfc062723c751e8b465ee728b)  -> (artifact id: '74668b049a5d3504b763befc37347695') in 0.306911 seconds 
  Import took 0.314356 seconds .

========================================================================
Received Import Request.
  Time since last request: 46.684970 seconds.
  path: Assets/Oculus/VR/Plugins/1.67.0/AndroidUniversal/OVRPlugin.aar
  artifactKey: Guid(e24aa06c41f1d144bbd26944a56c28be) Importer(815301076,1909f56bfc062723c751e8b465ee728b)
Start importing Assets/Oculus/VR/Plugins/1.67.0/AndroidUniversal/OVRPlugin.aar using Guid(e24aa06c41f1d144bbd26944a56c28be) Importer(815301076,1909f56bfc062723c751e8b465ee728b)  -> (artifact id: 'f5c27d9d7ee9b0a61e5a4041840c5128') in 0.003046 seconds 
  Import took 0.007309 seconds .

